#
# A fatal error has been detected by the Java Runtime Environment:
#
#  EXCEPTION_ACCESS_VIOLATION (0xc0000005) at pc=0x00000000, pid=3036, tid=4036
#
# JRE version: 7.0_17-b02
# Java VM: Java HotSpot(TM) Client VM (23.7-b01 mixed mode, sharing windows-x86 )
# Problematic frame:
# C  0x00000000
#
# Failed to write core dump. Minidumps are not enabled by default on client versions of Windows
#
# If you would like to submit a bug report, please visit:
#   http://bugreport.sun.com/bugreport/crash.jsp
# The crash happened outside the Java Virtual Machine in native code.
# See problematic frame for where to report the bug.
#

---------------  T H R E A D  ---------------

Current thread (0x0037ac00):  JavaThread "main" [_thread_in_native, id=4036, stack(0x00920000,0x00970000)]

siginfo: ExceptionCode=0xc0000005, ExceptionInformation=0x00000008 0x00000000

Registers:
EAX=0x00000000, EBX=0x00000000, ECX=0x001b9eb8, EDX=0x0536dd80
ESP=0x0096f064, EBP=0x0096f104, ESI=0x00000001, EDI=0x0096f864
EIP=0x00000000, EFLAGS=0x00010282

Top of Stack: (sp=0x0096f064)
0x0096f064:   00bb9702 0096f074 0096f0a4 0240345a
0x0096f074:   00000001 001b00c4 00000016 24836d60
0x0096f084:   0096f084 386d429c 0096f0b8 39110bf0
0x0096f094:   00000000 391114d8 00000000 0096f0ac
0x0096f0a4:   0096f0dc 0240345a 00000001 2465c7b0
0x0096f0b4:   00000016 24836d60 0096f0bc 00000004
0x0096f0c4:   0096f1dc 0096f118 1000d0c4 0096f134
0x0096f0d4:   0096f268 00000004 0096f128 0240345a 

Instructions: (pc=0x00000000)
0xffffffe0:   


Register to memory mapping:

EAX=0x00000000 is an unknown value
EBX=0x00000000 is an unknown value
ECX=0x001b9eb8 is an unknown value
EDX=0x0536dd80 is an unknown value
ESP=0x0096f064 is pointing into the stack for thread: 0x0037ac00
EBP=0x0096f104 is pointing into the stack for thread: 0x0037ac00
ESI=0x00000001 is an unknown value
EDI=0x0096f864 is pointing into the stack for thread: 0x0037ac00


Stack: [0x00920000,0x00970000],  sp=0x0096f064,  free space=316k
Java frames: (J=compiled Java code, j=interpreted, Vv=VM code)
j  com.sun.jna.Native.invokeInt(JI[Ljava/lang/Object;)I+0
j  com.sun.jna.Function.invoke([Ljava/lang/Object;Ljava/lang/Class;Z)Ljava/lang/Object;+333
j  com.sun.jna.Function.invoke(Ljava/lang/Class;[Ljava/lang/Object;Ljava/util/Map;)Ljava/lang/Object;+214
j  com.sun.jna.Library$Handler.invoke(Ljava/lang/Object;Ljava/lang/reflect/Method;[Ljava/lang/Object;)Ljava/lang/Object;+341
j  com.sun.proxy.$Proxy0.SM_WriteDigitalOutputs(Lcom/sun/jna/ptr/IntByReference;IILjava/lang/String;)I+35
j  test.TestJNA.main([Ljava/lang/String;)V+424
v  ~StubRoutines::call_stub

---------------  P R O C E S S  ---------------

Java Threads: ( => current thread )
  0x00b87800 JavaThread "Service Thread" daemon [_thread_blocked, id=1740, stack(0x04b30000,0x04b80000)]
  0x00b82c00 JavaThread "C1 CompilerThread0" daemon [_thread_blocked, id=1204, stack(0x04aa0000,0x04af0000)]
  0x00b82400 JavaThread "Attach Listener" daemon [_thread_blocked, id=760, stack(0x04610000,0x04660000)]
  0x00b7f800 JavaThread "Signal Dispatcher" daemon [_thread_blocked, id=5880, stack(0x04690000,0x046e0000)]
  0x00b63c00 JavaThread "Finalizer" daemon [_thread_blocked, id=2900, stack(0x04880000,0x048d0000)]
  0x00b62400 JavaThread "Reference Handler" daemon [_thread_blocked, id=4624, stack(0x047b0000,0x04800000)]
=>0x0037ac00 JavaThread "main" [_thread_in_native, id=4036, stack(0x00920000,0x00970000)]

Other Threads:
  0x00b60400 VMThread [stack: 0x044e0000,0x04530000] [id=3976]
  0x00b91400 WatcherThread [stack: 0x04b80000,0x04bd0000] [id=4792]

VM state:not at safepoint (normal execution)

VM Mutex/Monitor currently owned by a thread: None

Heap
 def new generation   total 4928K, used 1948K [0x24650000, 0x24ba0000, 0x29ba0000)
  eden space 4416K,  44% used [0x24650000, 0x24837360, 0x24aa0000)
  from space 512K,   0% used [0x24aa0000, 0x24aa0000, 0x24b20000)
  to   space 512K,   0% used [0x24b20000, 0x24b20000, 0x24ba0000)
 tenured generation   total 10944K, used 0K [0x29ba0000, 0x2a650000, 0x34650000)
   the space 10944K,   0% used [0x29ba0000, 0x29ba0000, 0x29ba0200, 0x2a650000)
 compacting perm gen  total 12288K, used 666K [0x34650000, 0x35250000, 0x38650000)
   the space 12288K,   5% used [0x34650000, 0x346f6878, 0x346f6a00, 0x35250000)
    ro space 10240K,  45% used [0x38650000, 0x38ad73d8, 0x38ad7400, 0x39050000)
    rw space 12288K,  54% used [0x39050000, 0x396dacc8, 0x396dae00, 0x39c50000)

Card table byte_map: [0x04400000,0x044b0000] byte_map_base: 0x042dcd80

Polling page: 0x00340000

Code Cache  [0x02400000, 0x024b0000, 0x04400000)
 total_blobs=191 nmethods=42 adapters=84 free_code_cache=32067Kb largest_free_block=32836864

Compilation events (10 events):
Event: 0.161 Thread 0x00b82c00   38             java.lang.String::getChars (62 bytes)
Event: 0.161 Thread 0x00b82c00 nmethod 38 0x024ac5c8 code [0x024ac700, 0x024ac990]
Event: 0.161 Thread 0x00b82c00   39             java.util.HashMap::indexFor (6 bytes)
Event: 0.161 Thread 0x00b82c00 nmethod 39 0x024acb88 code [0x024acc80, 0x024accf0]
Event: 0.161 Thread 0x00b82c00   40             java.util.HashMap::hash (59 bytes)
Event: 0.162 Thread 0x00b82c00 nmethod 40 0x024acd48 code [0x024ace60, 0x024acfd8]
Event: 0.162 Thread 0x00b82c00   41             java.io.DataOutputStream::writeUTF (435 bytes)
Event: 0.163 Thread 0x00b82c00 nmethod 41 0x024ad508 code [0x024ad6f0, 0x024ae19c]
Event: 0.164 Thread 0x00b82c00   42             sun.misc.MetaIndex::mayContain (51 bytes)
Event: 0.164 Thread 0x00b82c00 nmethod 42 0x024aee48 code [0x024aef70, 0x024af0f8]

GC Heap History (0 events):
No events

Deoptimization events (0 events):
No events

Internal exceptions (10 events):
Event: 0.164 Thread 0x0037ac00 Threw 0x24809988 at C:\jdk7u2_32P\jdk7u17\hotspot\src\share\vm\prims\jvm.cpp:1166
Event: 0.164 Thread 0x0037ac00 Threw 0x2480bf10 at C:\jdk7u2_32P\jdk7u17\hotspot\src\share\vm\prims\jvm.cpp:1166
Event: 0.166 Thread 0x0037ac00 Threw 0x2481dc10 at C:\jdk7u2_32P\jdk7u17\hotspot\src\share\vm\prims\jvm.cpp:1166
Event: 0.166 Thread 0x0037ac00 Threw 0x24822688 at C:\jdk7u2_32P\jdk7u17\hotspot\src\share\vm\prims\jvm.cpp:1166
Event: 0.166 Thread 0x0037ac00 Threw 0x24824540 at C:\jdk7u2_32P\jdk7u17\hotspot\src\share\vm\prims\jvm.cpp:1166
Event: 0.167 Thread 0x0037ac00 Threw 0x24826858 at C:\jdk7u2_32P\jdk7u17\hotspot\src\share\vm\prims\jvm.cpp:1166
Event: 0.167 Thread 0x0037ac00 Threw 0x24828d48 at C:\jdk7u2_32P\jdk7u17\hotspot\src\share\vm\prims\jvm.cpp:1166
Event: 0.168 Thread 0x0037ac00 Threw 0x2482b1e0 at C:\jdk7u2_32P\jdk7u17\hotspot\src\share\vm\prims\jvm.cpp:1166
Event: 0.169 Thread 0x0037ac00 Threw 0x2482f8e8 at C:\jdk7u2_32P\jdk7u17\hotspot\src\share\vm\prims\jvm.cpp:1166
Event: 0.170 Thread 0x0037ac00 Threw 0x24832000 at C:\jdk7u2_32P\jdk7u17\hotspot\src\share\vm\prims\jvm.cpp:1166

Events (10 events):
Event: 0.167 loading class 0x04d4c438
Event: 0.167 loading class 0x04d4c438 done
Event: 0.167 loading class 0x04d4c470
Event: 0.168 loading class 0x04d4c470 done
Event: 0.168 loading class 0x39c57660
Event: 0.168 loading class 0x39c57660 done
Event: 0.169 loading class 0x04d4c3c8
Event: 0.169 loading class 0x04d4c3c8 done
Event: 0.170 loading class 0x04ceb4a8
Event: 0.170 loading class 0x04ceb4a8 done


Dynamic libraries:
0x00be0000 - 0x00c0f000 	C:\Program Files (x86)\Java\jdk1.7.0_17\bin\java.exe
0x77790000 - 0x77910000 	C:\Windows\SysWOW64\ntdll.dll
0x6ff10000 - 0x6ff4c000 	C:\Program Files\AVAST Software\Avast\snxhk.dll
0x767b0000 - 0x768c0000 	C:\Windows\syswow64\KERNEL32.dll
0x761c0000 - 0x76207000 	C:\Windows\syswow64\KERNELBASE.dll
0x75320000 - 0x753c0000 	C:\Windows\syswow64\ADVAPI32.dll
0x76c20000 - 0x76ccc000 	C:\Windows\syswow64\msvcrt.dll
0x76420000 - 0x76439000 	C:\Windows\SysWOW64\sechost.dll
0x76910000 - 0x76a00000 	C:\Windows\syswow64\RPCRT4.dll
0x74e70000 - 0x74ed0000 	C:\Windows\syswow64\SspiCli.dll
0x74e60000 - 0x74e6c000 	C:\Windows\syswow64\CRYPTBASE.dll
0x75470000 - 0x75570000 	C:\Windows\syswow64\USER32.dll
0x753c0000 - 0x75450000 	C:\Windows\syswow64\GDI32.dll
0x76be0000 - 0x76bea000 	C:\Windows\syswow64\LPK.dll
0x765f0000 - 0x7668d000 	C:\Windows\syswow64\USP10.dll
0x74b70000 - 0x74d0e000 	C:\Windows\WinSxS\x86_microsoft.windows.common-controls_6595b64144ccf1df_6.0.7601.17514_none_41e6975e2bd6f2b2\COMCTL32.dll
0x75180000 - 0x751d7000 	C:\Windows\syswow64\SHLWAPI.dll
0x751e0000 - 0x75240000 	C:\Windows\system32\IMM32.DLL
0x75240000 - 0x7530c000 	C:\Windows\syswow64\MSCTF.dll
0x5e890000 - 0x5e94e000 	C:\Program Files (x86)\Java\jdk1.7.0_17\jre\bin\msvcr100.dll
0x5e2b0000 - 0x5e5fc000 	C:\Program Files (x86)\Java\jdk1.7.0_17\jre\bin\client\jvm.dll
0x730f0000 - 0x730f7000 	C:\Windows\system32\WSOCK32.dll
0x768c0000 - 0x768f5000 	C:\Windows\syswow64\WS2_32.dll
0x77760000 - 0x77766000 	C:\Windows\syswow64\NSI.dll
0x746d0000 - 0x74702000 	C:\Windows\system32\WINMM.dll
0x76900000 - 0x76905000 	C:\Windows\syswow64\PSAPI.DLL
0x69200000 - 0x6920c000 	C:\Program Files (x86)\Java\jdk1.7.0_17\jre\bin\verify.dll
0x5e830000 - 0x5e850000 	C:\Program Files (x86)\Java\jdk1.7.0_17\jre\bin\java.dll
0x5e810000 - 0x5e823000 	C:\Program Files (x86)\Java\jdk1.7.0_17\jre\bin\zip.dll
0x72550000 - 0x72566000 	C:\Windows\system32\CRYPTSP.dll
0x72510000 - 0x7254b000 	C:\Windows\system32\rsaenh.dll
0x74d70000 - 0x74d87000 	C:\Windows\system32\USERENV.dll
0x74d60000 - 0x74d6b000 	C:\Windows\system32\profapi.dll
0x5e7f0000 - 0x5e804000 	C:\Program Files (x86)\Java\jdk1.7.0_17\jre\bin\net.dll
0x71f50000 - 0x71f8c000 	C:\Windows\system32\mswsock.dll
0x71dc0000 - 0x71dc6000 	C:\Windows\System32\wship6.dll
0x71fc0000 - 0x71fd0000 	C:\Windows\system32\NLAapi.dll
0x71fb0000 - 0x71fc0000 	C:\Windows\system32\napinsp.dll
0x71f90000 - 0x71fa2000 	C:\Windows\system32\pnrpnsp.dll
0x71ef0000 - 0x71f34000 	C:\Windows\system32\DNSAPI.dll
0x71ee0000 - 0x71ee8000 	C:\Windows\System32\winrnr.dll
0x71eb0000 - 0x71ed7000 	C:\Program Files (x86)\Common Files\Microsoft Shared\Windows Live\WLIDNSP.DLL
0x71e80000 - 0x71ea1000 	C:\Program Files (x86)\Bonjour\mdnsNSP.dll
0x72600000 - 0x7261c000 	C:\Windows\system32\Iphlpapi.DLL
0x725f0000 - 0x725f7000 	C:\Windows\system32\WINNSI.DLL
0x71e70000 - 0x71e7d000 	C:\Windows\system32\wshbth.dll
0x71f40000 - 0x71f45000 	C:\Windows\System32\wshtcpip.dll
0x71db0000 - 0x71db6000 	C:\Windows\system32\rasadhlp.dll
0x71d70000 - 0x71da8000 	C:\Windows\System32\fwpuclnt.dll
0x5e7e0000 - 0x5e7ee000 	C:\Program Files (x86)\Java\jdk1.7.0_17\jre\bin\nio.dll
0x10000000 - 0x1003d000 	C:\Users\John\AppData\Local\Temp\jna-John\jna2837199834785108800.dll
0x00bb0000 - 0x00bdc000 	C:\Users\John\Desktop\Université\semestre_6\Projet_thematique_individuel\ChambresPhytotroniques\bibliotheque\Dll_Sealevel\SeaMAX.DLL
0x04930000 - 0x04965000 	C:\Users\John\Desktop\Université\semestre_6\Projet_thematique_individuel\ChambresPhytotroniques\bibliotheque\Dll_Sealevel\FTD2XX.dll
0x76440000 - 0x765dd000 	C:\Windows\syswow64\SETUPAPI.dll
0x76bf0000 - 0x76c17000 	C:\Windows\syswow64\CFGMGR32.dll
0x76a90000 - 0x76b1f000 	C:\Windows\syswow64\OLEAUT32.dll
0x74ed0000 - 0x7502c000 	C:\Windows\syswow64\ole32.dll
0x75450000 - 0x75462000 	C:\Windows\syswow64\DEVOBJ.dll
0x72f50000 - 0x7303b000 	C:\Windows\system32\dbghelp.dll

VM Arguments:
jvm_args: -Dfile.encoding=UTF-8 
java_command: test.TestJNA
Launcher Type: SUN_STANDARD

Environment Variables:
PATH=C:\Program Files (x86)\NVIDIA Corporation\PhysX\Common;C:\Program Files (x86)\AMD APP\bin\x86_64;C:\Program Files\Common Files\Microsoft Shared\Windows Live;C:\Program Files (x86)\Common Files\Microsoft Shared\Windows Live;C:\Windows\system32;C:\Windows;C:\Windows\System32\Wbem;C:\Windows\System32\WindowsPowerShell\v1.0\;C:\Program Files (x86)\Windows Live\Shared;C:\Program Files (x86)\ATI Technologies\ATI.ACE\Core-Static
USERNAME=John
OS=Windows_NT
PROCESSOR_IDENTIFIER=Intel64 Family 6 Model 42 Stepping 7, GenuineIntel



---------------  S Y S T E M  ---------------

OS: Windows 7 , 64 bit Build 7601 Service Pack 1

CPU:total 4 (2 cores per cpu, 2 threads per core) family 6 model 42 stepping 7, cmov, cx8, fxsr, mmx, sse, sse2, sse3, ssse3, sse4.1, sse4.2, popcnt, avx, ht, tsc, tscinvbit

Memory: 4k page, physical 4169856k(1383604k free), swap 8337856k(3859976k free)

vm_info: Java HotSpot(TM) Client VM (23.7-b01) for windows-x86 JRE (1.7.0_17-b02), built on Mar  1 2013 05:04:36 by "java_re" with unknown MS VC++:1600

time: Fri May 17 16:44:48 2013
elapsed time: 0 seconds

