#
# A fatal error has been detected by the Java Runtime Environment:
#
#  EXCEPTION_ACCESS_VIOLATION (0xc0000005) at pc=0x00000000, pid=3612, tid=4744
#
# JRE version: 7.0_17-b02
# Java VM: Java HotSpot(TM) Client VM (23.7-b01 mixed mode, sharing windows-x86 )
# Problematic frame:
# C  0x00000000
#
# Failed to write core dump. Minidumps are not enabled by default on client versions of Windows
#
# If you would like to submit a bug report, please visit:
#   http://bugreport.sun.com/bugreport/crash.jsp
# The crash happened outside the Java Virtual Machine in native code.
# See problematic frame for where to report the bug.
#

---------------  T H R E A D  ---------------

Current thread (0x0098ac00):  JavaThread "main" [_thread_in_native, id=4744, stack(0x009c0000,0x00a10000)]

siginfo: ExceptionCode=0xc0000005, ExceptionInformation=0x00000008 0x00000000

Registers:
EAX=0x00000000, EBX=0x00000000, ECX=0x00769eb8, EDX=0x0526dd80
ESP=0x00a0ec44, EBP=0x00a0ece4, ESI=0x00000001, EDI=0x00a0f444
EIP=0x00000000, EFLAGS=0x00010202

Top of Stack: (sp=0x00a0ec44)
0x00a0ec44:   00999702 00a0ec54 00a0ec84 0252345a
0x00a0ec54:   00000001 007600c4 00000016 24836ff0
0x00a0ec64:   00a0ec64 386d429c 00a0ec98 39110bf0
0x00a0ec74:   00000000 391114d8 00000000 00a0ec8c
0x00a0ec84:   00a0ecbc 0252345a 00000001 2465c7b0
0x00a0ec94:   00000016 24836ff0 00a0ec9c 00000004
0x00a0eca4:   00a0edbc 00a0ecf8 1000d0c4 00a0ed14
0x00a0ecb4:   00a0ee48 00000004 00a0ed08 0252345a 

Instructions: (pc=0x00000000)
0xffffffe0:   


Register to memory mapping:

EAX=0x00000000 is an unknown value
EBX=0x00000000 is an unknown value
ECX=0x00769eb8 is an unknown value
EDX=0x0526dd80 is an unknown value
ESP=0x00a0ec44 is pointing into the stack for thread: 0x0098ac00
EBP=0x00a0ece4 is pointing into the stack for thread: 0x0098ac00
ESI=0x00000001 is an unknown value
EDI=0x00a0f444 is pointing into the stack for thread: 0x0098ac00


Stack: [0x009c0000,0x00a10000],  sp=0x00a0ec44,  free space=315k
Java frames: (J=compiled Java code, j=interpreted, Vv=VM code)
j  com.sun.jna.Native.invokeInt(JI[Ljava/lang/Object;)I+0
j  com.sun.jna.Function.invoke([Ljava/lang/Object;Ljava/lang/Class;Z)Ljava/lang/Object;+333
j  com.sun.jna.Function.invoke(Ljava/lang/Class;[Ljava/lang/Object;Ljava/util/Map;)Ljava/lang/Object;+214
j  com.sun.jna.Library$Handler.invoke(Ljava/lang/Object;Ljava/lang/reflect/Method;[Ljava/lang/Object;)Ljava/lang/Object;+341
j  com.sun.proxy.$Proxy0.SM_WriteDigitalOutputs(Lcom/sun/jna/ptr/IntByReference;IILjava/lang/String;)I+35
j  test.TestJNA.main([Ljava/lang/String;)V+424
v  ~StubRoutines::call_stub

---------------  P R O C E S S  ---------------

Java Threads: ( => current thread )
  0x00fb1400 JavaThread "Service Thread" daemon [_thread_blocked, id=5956, stack(0x04c00000,0x04c50000)]
  0x00fac000 JavaThread "C1 CompilerThread0" daemon [_thread_blocked, id=6040, stack(0x04970000,0x049c0000)]
  0x00faac00 JavaThread "Attach Listener" daemon [_thread_blocked, id=2900, stack(0x04ab0000,0x04b00000)]
  0x00fa7c00 JavaThread "Signal Dispatcher" daemon [_thread_blocked, id=1016, stack(0x047b0000,0x04800000)]
  0x00f93c00 JavaThread "Finalizer" daemon [_thread_blocked, id=1352, stack(0x04920000,0x04970000)]
  0x00f92400 JavaThread "Reference Handler" daemon [_thread_blocked, id=5744, stack(0x04760000,0x047b0000)]
=>0x0098ac00 JavaThread "main" [_thread_in_native, id=4744, stack(0x009c0000,0x00a10000)]

Other Threads:
  0x00f90400 VMThread [stack: 0x046e0000,0x04730000] [id=4072]
  0x00fc3800 WatcherThread [stack: 0x04b40000,0x04b90000] [id=3300]

VM state:not at safepoint (normal execution)

VM Mutex/Monitor currently owned by a thread: None

Heap
 def new generation   total 4928K, used 1948K [0x24650000, 0x24ba0000, 0x29ba0000)
  eden space 4416K,  44% used [0x24650000, 0x24837360, 0x24aa0000)
  from space 512K,   0% used [0x24aa0000, 0x24aa0000, 0x24b20000)
  to   space 512K,   0% used [0x24b20000, 0x24b20000, 0x24ba0000)
 tenured generation   total 10944K, used 0K [0x29ba0000, 0x2a650000, 0x34650000)
   the space 10944K,   0% used [0x29ba0000, 0x29ba0000, 0x29ba0200, 0x2a650000)
 compacting perm gen  total 12288K, used 666K [0x34650000, 0x35250000, 0x38650000)
   the space 12288K,   5% used [0x34650000, 0x346f6868, 0x346f6a00, 0x35250000)
    ro space 10240K,  45% used [0x38650000, 0x38ad73d8, 0x38ad7400, 0x39050000)
    rw space 12288K,  54% used [0x39050000, 0x396dacc8, 0x396dae00, 0x39c50000)

Card table byte_map: [0x04520000,0x045d0000] byte_map_base: 0x043fcd80

Polling page: 0x00180000

Code Cache  [0x02520000, 0x025d0000, 0x04520000)
 total_blobs=191 nmethods=42 adapters=84 free_code_cache=32067Kb largest_free_block=32836864

Compilation events (10 events):
Event: 0.196 Thread 0x00fac000   38             java.lang.String::getChars (62 bytes)
Event: 0.196 Thread 0x00fac000 nmethod 38 0x025cc5c8 code [0x025cc700, 0x025cc990]
Event: 0.196 Thread 0x00fac000   39             java.util.HashMap::indexFor (6 bytes)
Event: 0.196 Thread 0x00fac000 nmethod 39 0x025ccb88 code [0x025ccc80, 0x025cccf0]
Event: 0.197 Thread 0x00fac000   40             java.util.HashMap::hash (59 bytes)
Event: 0.197 Thread 0x00fac000 nmethod 40 0x025ccd48 code [0x025cce60, 0x025ccfd8]
Event: 0.198 Thread 0x00fac000   41             java.io.DataOutputStream::writeUTF (435 bytes)
Event: 0.199 Thread 0x00fac000 nmethod 41 0x025cd508 code [0x025cd6f0, 0x025ce19c]
Event: 0.199 Thread 0x00fac000   42             sun.misc.MetaIndex::mayContain (51 bytes)
Event: 0.199 Thread 0x00fac000 nmethod 42 0x025cee48 code [0x025cef70, 0x025cf0f8]

GC Heap History (0 events):
No events

Deoptimization events (0 events):
No events

Internal exceptions (10 events):
Event: 0.200 Thread 0x0098ac00 Threw 0x24809988 at C:\jdk7u2_32P\jdk7u17\hotspot\src\share\vm\prims\jvm.cpp:1166
Event: 0.200 Thread 0x0098ac00 Threw 0x2480bf10 at C:\jdk7u2_32P\jdk7u17\hotspot\src\share\vm\prims\jvm.cpp:1166
Event: 0.201 Thread 0x0098ac00 Threw 0x2481d980 at C:\jdk7u2_32P\jdk7u17\hotspot\src\share\vm\prims\jvm.cpp:1166
Event: 0.201 Thread 0x0098ac00 Threw 0x24822688 at C:\jdk7u2_32P\jdk7u17\hotspot\src\share\vm\prims\jvm.cpp:1166
Event: 0.202 Thread 0x0098ac00 Threw 0x24824540 at C:\jdk7u2_32P\jdk7u17\hotspot\src\share\vm\prims\jvm.cpp:1166
Event: 0.202 Thread 0x0098ac00 Threw 0x24826858 at C:\jdk7u2_32P\jdk7u17\hotspot\src\share\vm\prims\jvm.cpp:1166
Event: 0.203 Thread 0x0098ac00 Threw 0x24828fd8 at C:\jdk7u2_32P\jdk7u17\hotspot\src\share\vm\prims\jvm.cpp:1166
Event: 0.203 Thread 0x0098ac00 Threw 0x2482b470 at C:\jdk7u2_32P\jdk7u17\hotspot\src\share\vm\prims\jvm.cpp:1166
Event: 0.205 Thread 0x0098ac00 Threw 0x2482fb78 at C:\jdk7u2_32P\jdk7u17\hotspot\src\share\vm\prims\jvm.cpp:1166
Event: 0.206 Thread 0x0098ac00 Threw 0x24832290 at C:\jdk7u2_32P\jdk7u17\hotspot\src\share\vm\prims\jvm.cpp:1166

Events (10 events):
Event: 0.203 loading class 0x04d137f0
Event: 0.203 loading class 0x04d137f0 done
Event: 0.203 loading class 0x04d13828
Event: 0.203 loading class 0x04d13828 done
Event: 0.204 loading class 0x39c57660
Event: 0.204 loading class 0x39c57660 done
Event: 0.205 loading class 0x04d13780
Event: 0.205 loading class 0x04d13780 done
Event: 0.206 loading class 0x04c81518
Event: 0.206 loading class 0x04c81518 done


Dynamic libraries:
0x010f0000 - 0x0111f000 	C:\Program Files (x86)\Java\jdk1.7.0_17\bin\java.exe
0x77790000 - 0x77910000 	C:\Windows\SysWOW64\ntdll.dll
0x6ff10000 - 0x6ff4c000 	C:\Program Files\AVAST Software\Avast\snxhk.dll
0x767b0000 - 0x768c0000 	C:\Windows\syswow64\KERNEL32.dll
0x761c0000 - 0x76207000 	C:\Windows\syswow64\KERNELBASE.dll
0x75320000 - 0x753c0000 	C:\Windows\syswow64\ADVAPI32.dll
0x76c20000 - 0x76ccc000 	C:\Windows\syswow64\msvcrt.dll
0x76420000 - 0x76439000 	C:\Windows\SysWOW64\sechost.dll
0x76910000 - 0x76a00000 	C:\Windows\syswow64\RPCRT4.dll
0x74e70000 - 0x74ed0000 	C:\Windows\syswow64\SspiCli.dll
0x74e60000 - 0x74e6c000 	C:\Windows\syswow64\CRYPTBASE.dll
0x75470000 - 0x75570000 	C:\Windows\syswow64\USER32.dll
0x753c0000 - 0x75450000 	C:\Windows\syswow64\GDI32.dll
0x76be0000 - 0x76bea000 	C:\Windows\syswow64\LPK.dll
0x765f0000 - 0x7668d000 	C:\Windows\syswow64\USP10.dll
0x74b70000 - 0x74d0e000 	C:\Windows\WinSxS\x86_microsoft.windows.common-controls_6595b64144ccf1df_6.0.7601.17514_none_41e6975e2bd6f2b2\COMCTL32.dll
0x75180000 - 0x751d7000 	C:\Windows\syswow64\SHLWAPI.dll
0x751e0000 - 0x75240000 	C:\Windows\system32\IMM32.DLL
0x75240000 - 0x7530c000 	C:\Windows\syswow64\MSCTF.dll
0x5e890000 - 0x5e94e000 	C:\Program Files (x86)\Java\jdk1.7.0_17\jre\bin\msvcr100.dll
0x5e2b0000 - 0x5e5fc000 	C:\Program Files (x86)\Java\jdk1.7.0_17\jre\bin\client\jvm.dll
0x730f0000 - 0x730f7000 	C:\Windows\system32\WSOCK32.dll
0x768c0000 - 0x768f5000 	C:\Windows\syswow64\WS2_32.dll
0x77760000 - 0x77766000 	C:\Windows\syswow64\NSI.dll
0x746d0000 - 0x74702000 	C:\Windows\system32\WINMM.dll
0x76900000 - 0x76905000 	C:\Windows\syswow64\PSAPI.DLL
0x69200000 - 0x6920c000 	C:\Program Files (x86)\Java\jdk1.7.0_17\jre\bin\verify.dll
0x5e830000 - 0x5e850000 	C:\Program Files (x86)\Java\jdk1.7.0_17\jre\bin\java.dll
0x5e810000 - 0x5e823000 	C:\Program Files (x86)\Java\jdk1.7.0_17\jre\bin\zip.dll
0x72550000 - 0x72566000 	C:\Windows\system32\CRYPTSP.dll
0x72510000 - 0x7254b000 	C:\Windows\system32\rsaenh.dll
0x74d70000 - 0x74d87000 	C:\Windows\system32\USERENV.dll
0x74d60000 - 0x74d6b000 	C:\Windows\system32\profapi.dll
0x5e7f0000 - 0x5e804000 	C:\Program Files (x86)\Java\jdk1.7.0_17\jre\bin\net.dll
0x71f50000 - 0x71f8c000 	C:\Windows\system32\mswsock.dll
0x71dc0000 - 0x71dc6000 	C:\Windows\System32\wship6.dll
0x71fc0000 - 0x71fd0000 	C:\Windows\system32\NLAapi.dll
0x71fb0000 - 0x71fc0000 	C:\Windows\system32\napinsp.dll
0x71f90000 - 0x71fa2000 	C:\Windows\system32\pnrpnsp.dll
0x71ef0000 - 0x71f34000 	C:\Windows\system32\DNSAPI.dll
0x71ee0000 - 0x71ee8000 	C:\Windows\System32\winrnr.dll
0x71eb0000 - 0x71ed7000 	C:\Program Files (x86)\Common Files\Microsoft Shared\Windows Live\WLIDNSP.DLL
0x71e80000 - 0x71ea1000 	C:\Program Files (x86)\Bonjour\mdnsNSP.dll
0x72600000 - 0x7261c000 	C:\Windows\system32\Iphlpapi.DLL
0x725f0000 - 0x725f7000 	C:\Windows\system32\WINNSI.DLL
0x71e70000 - 0x71e7d000 	C:\Windows\system32\wshbth.dll
0x71f40000 - 0x71f45000 	C:\Windows\System32\wshtcpip.dll
0x71db0000 - 0x71db6000 	C:\Windows\system32\rasadhlp.dll
0x71d70000 - 0x71da8000 	C:\Windows\System32\fwpuclnt.dll
0x5e7e0000 - 0x5e7ee000 	C:\Program Files (x86)\Java\jdk1.7.0_17\jre\bin\nio.dll
0x10000000 - 0x1003d000 	C:\Users\John\AppData\Local\Temp\jna-John\jna125248681098183339.dll
0x00990000 - 0x009bc000 	C:\Users\John\Desktop\Université\semestre_6\Projet_thematique_individuel\ChambresPhytotroniques\bibliotheque\Dll_Sealevel\SeaMAX.DLL
0x00fe0000 - 0x01015000 	C:\Users\John\Desktop\Université\semestre_6\Projet_thematique_individuel\ChambresPhytotroniques\bibliotheque\Dll_Sealevel\FTD2XX.dll
0x76440000 - 0x765dd000 	C:\Windows\syswow64\SETUPAPI.dll
0x76bf0000 - 0x76c17000 	C:\Windows\syswow64\CFGMGR32.dll
0x76a90000 - 0x76b1f000 	C:\Windows\syswow64\OLEAUT32.dll
0x74ed0000 - 0x7502c000 	C:\Windows\syswow64\ole32.dll
0x75450000 - 0x75462000 	C:\Windows\syswow64\DEVOBJ.dll
0x72f50000 - 0x7303b000 	C:\Windows\system32\dbghelp.dll

VM Arguments:
jvm_args: -Dfile.encoding=UTF-8 
java_command: test.TestJNA
Launcher Type: SUN_STANDARD

Environment Variables:
PATH=C:\Program Files (x86)\NVIDIA Corporation\PhysX\Common;C:\Program Files (x86)\AMD APP\bin\x86_64;C:\Program Files\Common Files\Microsoft Shared\Windows Live;C:\Program Files (x86)\Common Files\Microsoft Shared\Windows Live;C:\Windows\system32;C:\Windows;C:\Windows\System32\Wbem;C:\Windows\System32\WindowsPowerShell\v1.0\;C:\Program Files (x86)\Windows Live\Shared;C:\Program Files (x86)\ATI Technologies\ATI.ACE\Core-Static
USERNAME=John
OS=Windows_NT
PROCESSOR_IDENTIFIER=Intel64 Family 6 Model 42 Stepping 7, GenuineIntel



---------------  S Y S T E M  ---------------

OS: Windows 7 , 64 bit Build 7601 Service Pack 1

CPU:total 4 (2 cores per cpu, 2 threads per core) family 6 model 42 stepping 7, cmov, cx8, fxsr, mmx, sse, sse2, sse3, ssse3, sse4.1, sse4.2, popcnt, avx, ht, tsc, tscinvbit

Memory: 4k page, physical 4169856k(1375148k free), swap 8337856k(3856572k free)

vm_info: Java HotSpot(TM) Client VM (23.7-b01) for windows-x86 JRE (1.7.0_17-b02), built on Mar  1 2013 05:04:36 by "java_re" with unknown MS VC++:1600

time: Fri May 17 16:41:44 2013
elapsed time: 0 seconds

